Using pre-set license
Built from '2020.3/staging' branch; Version is '2020.3.40f1 (ba48d4efcef1) revision 12208340'; Using compiler version '192528614'; Build Type 'Release'
OS: 'Windows 10  (10.0.19045) 64bit Professional' Language: 'zh' Physical Memory: 32604 MB
BatchMode: 1, IsHumanControllingUs: 0, StartBugReporterOnCrash: 0, Is64bit: 1, IsPro: 0

COMMAND LINE ARGUMENTS:
D:\software\Unity\Editor\Unity.exe
-adb2
-batchMode
-noUpm
-name
AssetImportWorker0
-projectPath
D:/projects/Unity_Shaders_Book
-logFile
Logs/AssetImportWorker0.log
-srvPort
54446
Successfully changed project path to: D:/projects/Unity_Shaders_Book
D:/projects/Unity_Shaders_Book
Using Asset Import Pipeline V2.
Refreshing native plugins compatible for Editor in 19.66 ms, found 0 plugins.
Preloading 0 native plugins for Editor in 0.00 ms.
Initialize engine version: 2020.3.40f1 (ba48d4efcef1)
[Subsystems] Discovering subsystems at path D:/software/Unity/Editor/Data/Resources/UnitySubsystems
[Subsystems] Discovering subsystems at path D:/projects/Unity_Shaders_Book/Assets
GfxDevice: creating device client; threaded=0
Direct3D:
    Version:  Direct3D 11.0 [level 11.1]
    Renderer: NVIDIA GeForce RTX 4070 Ti (ID=0x2782)
    Vendor:   
    VRAM:     12010 MB
    Driver:   31.0.15.3623
Initialize mono
Mono path[0] = 'D:/software/Unity/Editor/Data/Managed'
Mono path[1] = 'D:/software/Unity/Editor/Data/MonoBleedingEdge/lib/mono/unityjit'
Mono config path = 'D:/software/Unity/Editor/Data/MonoBleedingEdge/etc'
Using monoOptions --debugger-agent=transport=dt_socket,embedding=1,server=y,suspend=n,address=127.0.0.1:56380
Begin MonoManager ReloadAssembly
Registering precompiled unity dll's ...
Register platform support module: D:/software/Unity/Editor/Data/PlaybackEngines/WindowsStandaloneSupport/UnityEditor.WindowsStandalone.Extensions.dll
Registered in 0.001136 seconds.
Native extension for WindowsStandalone target not found
Refreshing native plugins compatible for Editor in 17.97 ms, found 0 plugins.
Preloading 0 native plugins for Editor in 0.00 ms.
Mono: successfully reloaded assembly
- Completed reload, in  0.445 seconds
Domain Reload Profiling:
	ReloadAssembly (445ms)
		BeginReloadAssembly (57ms)
			ExecutionOrderSort (0ms)
			DisableScriptedObjects (0ms)
			BackupInstance (0ms)
			ReleaseScriptingObjects (0ms)
			CreateAndSetChildDomain (1ms)
		EndReloadAssembly (335ms)
			LoadAssemblies (57ms)
			RebuildTransferFunctionScriptingTraits (0ms)
			SetupTypeCache (109ms)
			ReleaseScriptCaches (0ms)
			RebuildScriptCaches (29ms)
			SetupLoadedEditorAssemblies (122ms)
				LogAssemblyErrors (0ms)
				InitializePlatformSupportModulesInManaged (4ms)
				SetLoadedEditorAssemblies (0ms)
				RefreshPlugins (18ms)
				BeforeProcessingInitializeOnLoad (10ms)
				ProcessInitializeOnLoadAttributes (68ms)
				ProcessInitializeOnLoadMethodAttributes (22ms)
				AfterProcessingInitializeOnLoad (0ms)
				EditorAssembliesLoaded (0ms)
			ExecutionOrderSort2 (0ms)
			AwakeInstancesAfterBackupRestoration (0ms)
Platform modules already initialized, skipping
Registering precompiled user dll's ...
Registered in 0.000633 seconds.
Begin MonoManager ReloadAssembly
Native extension for WindowsStandalone target not found
Refreshing native plugins compatible for Editor in 0.24 ms, found 0 plugins.
Preloading 0 native plugins for Editor in 0.00 ms.
Mono: successfully reloaded assembly
- Completed reload, in  0.610 seconds
Domain Reload Profiling:
	ReloadAssembly (610ms)
		BeginReloadAssembly (106ms)
			ExecutionOrderSort (0ms)
			DisableScriptedObjects (4ms)
			BackupInstance (0ms)
			ReleaseScriptingObjects (0ms)
			CreateAndSetChildDomain (16ms)
		EndReloadAssembly (459ms)
			LoadAssemblies (58ms)
			RebuildTransferFunctionScriptingTraits (0ms)
			SetupTypeCache (138ms)
			ReleaseScriptCaches (0ms)
			RebuildScriptCaches (39ms)
			SetupLoadedEditorAssemblies (152ms)
				LogAssemblyErrors (0ms)
				InitializePlatformSupportModulesInManaged (4ms)
				SetLoadedEditorAssemblies (0ms)
				RefreshPlugins (0ms)
				BeforeProcessingInitializeOnLoad (60ms)
				ProcessInitializeOnLoadAttributes (77ms)
				ProcessInitializeOnLoadMethodAttributes (8ms)
				AfterProcessingInitializeOnLoad (2ms)
				EditorAssembliesLoaded (0ms)
			ExecutionOrderSort2 (0ms)
			AwakeInstancesAfterBackupRestoration (1ms)
Platform modules already initialized, skipping
========================================================================
Worker process is ready to serve import requests
Launched and connected shader compiler UnityShaderCompiler.exe after 0.03 seconds
Refreshing native plugins compatible for Editor in 0.24 ms, found 0 plugins.
Preloading 0 native plugins for Editor in 0.00 ms.
Unloading 1058 Unused Serialized files (Serialized files now loaded: 0)
System memory in use before: 71.9 MB.
System memory in use after: 71.9 MB.

Unloading 10 unused Assets to reduce memory usage. Loaded Objects now: 1505.
Total: 2.134400 ms (FindLiveObjects: 0.109800 ms CreateObjectMapping: 0.025000 ms MarkObjects: 1.890600 ms  DeleteObjects: 0.108300 ms)

AssetImportParameters requested are different than current active one (requested -> active):
  custom:framework-win-MediaFoundation: 216162199b28c13a410421893ffa2e32 -> 
  custom:video-decoder-ogg-theora: a1e56fd34408186e4bbccfd4996cb3dc -> 
  custom:container-muxer-webm: aa71ff27fc2769a1b78a27578f13a17b -> 
  custom:container-demuxer-webm: 4f35f7cbe854078d1ac9338744f61a02 -> 
  custom:container-demuxer-ogg: 62fdf1f143b41e24485cea50d1cbac27 -> 
  custom:video-encoder-webm-vp8: eb34c28f22e8b96e1ab97ce403110664 -> 
  custom:video-decoder-webm-vp8: 9c59270c3fd7afecdb556c50c9e8de78 -> 
  custom:audio-decoder-ogg-vorbis: bf7c407c2cedff20999df2af8eb42d56 -> 
  custom:audio-encoder-webm-vorbis: bf7c407c2cedff20999df2af8eb42d56 -> 
========================================================================
Received Import Request.
  path: Assets/Scenes/Chapter10
  artifactKey: Guid(0c5d47262517c417db731f4cfa4cbd54) Importer(815301076,1909f56bfc062723c751e8b465ee728b)
Start importing Assets/Scenes/Chapter10 using Guid(0c5d47262517c417db731f4cfa4cbd54) Importer(815301076,1909f56bfc062723c751e8b465ee728b)  -> (artifact id: 'd5849bcc01ae94fca51abd23d4224e8f') in 0.008147 seconds 
========================================================================
Received Import Request.
  Time since last request: 167004.255856 seconds.
  path: Assets/Demo/Demo.unity
  artifactKey: Guid(d8e21d65e4be3494fbcd3be260d7a7ca) Importer(815301076,1909f56bfc062723c751e8b465ee728b)
Start importing Assets/Demo/Demo.unity using Guid(d8e21d65e4be3494fbcd3be260d7a7ca) Importer(815301076,1909f56bfc062723c751e8b465ee728b)  -> (artifact id: 'c45f0182ae3fd5d75a56793a020075ed') in 0.009403 seconds 
========================================================================
Received Import Request.
  Time since last request: 36.367520 seconds.
  path: Assets/Demo/Shaders
  artifactKey: Guid(4ba0c5889f476964ca9a1531b6a9d0e8) Importer(815301076,1909f56bfc062723c751e8b465ee728b)
Start importing Assets/Demo/Shaders using Guid(4ba0c5889f476964ca9a1531b6a9d0e8) Importer(815301076,1909f56bfc062723c751e8b465ee728b)  -> (artifact id: '916ac8faa66f62ca470405ee5ff60bc0') in 0.007013 seconds 
========================================================================
Received Import Request.
  Time since last request: 3.255815 seconds.
  path: Assets/Demo/Shaders/PracticeToon.shader
  artifactKey: Guid(3c3ad88e8f552864d8cacd25f8d8f1bd) Importer(815301076,1909f56bfc062723c751e8b465ee728b)
Start importing Assets/Demo/Shaders/PracticeToon.shader using Guid(3c3ad88e8f552864d8cacd25f8d8f1bd) Importer(815301076,1909f56bfc062723c751e8b465ee728b)  -> (artifact id: 'ab833a07835ffe5a9e18db26e3626c52') in 0.102542 seconds 
========================================================================
Received Import Request.
  Time since last request: 1950.669461 seconds.
  path: Assets/Demo/Demo 1.unity
  artifactKey: Guid(00409fb35e169de4aac57a8992a81dcf) Importer(815301076,1909f56bfc062723c751e8b465ee728b)
Start importing Assets/Demo/Demo 1.unity using Guid(00409fb35e169de4aac57a8992a81dcf) Importer(815301076,1909f56bfc062723c751e8b465ee728b)  -> (artifact id: '30b625092f12c268b4f9592803398230') in 0.005737 seconds 
========================================================================
Received Import Request.
  Time since last request: 7.172415 seconds.
  path: Assets/Demo/Practice_Demo.unity
  artifactKey: Guid(00409fb35e169de4aac57a8992a81dcf) Importer(815301076,1909f56bfc062723c751e8b465ee728b)
Start importing Assets/Demo/Practice_Demo.unity using Guid(00409fb35e169de4aac57a8992a81dcf) Importer(815301076,1909f56bfc062723c751e8b465ee728b)  -> (artifact id: 'ada2e262b0231cbb7fb08fdb537dc8e7') in 0.005836 seconds 
========================================================================
Received Import Request.
  Time since last request: 116.119788 seconds.
  path: Assets/Demo/Shaders/PracticeToon.shader
  artifactKey: Guid(3c3ad88e8f552864d8cacd25f8d8f1bd) Importer(815301076,1909f56bfc062723c751e8b465ee728b)
Start importing Assets/Demo/Shaders/PracticeToon.shader using Guid(3c3ad88e8f552864d8cacd25f8d8f1bd) Importer(815301076,1909f56bfc062723c751e8b465ee728b)  -> (artifact id: '00000000000000000000000000000000') in 0.002112 seconds  code(4) message(Build asset version error: assets/demo/shaders/practicetoon.shader in SourceAssetDB has modification time of '2023-11-09T23:49:47.7847112Z' while content on disk has modification time of '2023-11-09T23:50:18.2856269Z')
  ERROR: Build asset version error: assets/demo/shaders/practicetoon.shader in SourceAssetDB has modification time of '2023-11-09T23:49:47.7847112Z' while content on disk has modification time of '2023-11-09T23:50:18.2856269Z'
========================================================================
Received Import Request.
  Time since last request: 53.165444 seconds.
  path: Assets/Demo/Shaders/PracticeToon.shader
  artifactKey: Guid(3c3ad88e8f552864d8cacd25f8d8f1bd) Importer(815301076,1909f56bfc062723c751e8b465ee728b)
Start importing Assets/Demo/Shaders/PracticeToon.shader using Guid(3c3ad88e8f552864d8cacd25f8d8f1bd) Importer(815301076,1909f56bfc062723c751e8b465ee728b)  -> (artifact id: 'b6ac163f320ce67b38daf2eb8b9e6fbd') in 0.008145 seconds 
========================================================================
Received Import Request.
  Time since last request: 80.582523 seconds.
  path: Assets/Demo/Shaders/PracticeToon.shader
  artifactKey: Guid(3c3ad88e8f552864d8cacd25f8d8f1bd) Importer(815301076,1909f56bfc062723c751e8b465ee728b)
Start importing Assets/Demo/Shaders/PracticeToon.shader using Guid(3c3ad88e8f552864d8cacd25f8d8f1bd) Importer(815301076,1909f56bfc062723c751e8b465ee728b)  -> (artifact id: '2b6842c4e00afadc4e8c985502f5d57f') in 0.005548 seconds 
========================================================================
Received Import Request.
  Time since last request: 13.169258 seconds.
  path: Assets/Demo/Shaders/PracticeToon.shader
  artifactKey: Guid(3c3ad88e8f552864d8cacd25f8d8f1bd) Importer(815301076,1909f56bfc062723c751e8b465ee728b)
Start importing Assets/Demo/Shaders/PracticeToon.shader using Guid(3c3ad88e8f552864d8cacd25f8d8f1bd) Importer(815301076,1909f56bfc062723c751e8b465ee728b)  -> (artifact id: '71549a0af501b9dde19266091332515b') in 0.002313 seconds 
========================================================================
Received Import Request.
  Time since last request: 21.218621 seconds.
  path: Assets/Demo/Shaders/PracticeToon.shader
  artifactKey: Guid(3c3ad88e8f552864d8cacd25f8d8f1bd) Importer(815301076,1909f56bfc062723c751e8b465ee728b)
Start importing Assets/Demo/Shaders/PracticeToon.shader using Guid(3c3ad88e8f552864d8cacd25f8d8f1bd) Importer(815301076,1909f56bfc062723c751e8b465ee728b)  -> (artifact id: '318ccea3e377e472a2e5ebc37682d161') in 0.002491 seconds 
========================================================================
Received Import Request.
  Time since last request: 15.093205 seconds.
  path: Assets/Demo/Shaders/PracticeToon.shader
  artifactKey: Guid(3c3ad88e8f552864d8cacd25f8d8f1bd) Importer(815301076,1909f56bfc062723c751e8b465ee728b)
Start importing Assets/Demo/Shaders/PracticeToon.shader using Guid(3c3ad88e8f552864d8cacd25f8d8f1bd) Importer(815301076,1909f56bfc062723c751e8b465ee728b)  -> (artifact id: '8a56cc0d686258338a9e9cd906a4a560') in 0.002178 seconds 
